<?xml version="1.0" encoding="UTF-8"?>
<testng-results ignored="0" total="1" passed="1" failed="0" skipped="0">
  <reporter-output>
  </reporter-output>
  <suite started-at="2022-09-29T18:08:52 IST" name="Suite" finished-at="2022-09-29T18:09:19 IST" duration-ms="26835">
    <groups>
    </groups>
    <test started-at="2022-09-29T18:08:52 IST" name="Test" finished-at="2022-09-29T18:09:19 IST" duration-ms="26835">
      <class name="com.fa.tests.LoginPageTest">
        <test-method is-config="true" signature="setUp([Ljava.lang.Object;)[pri:0, instance:com.fa.tests.LoginPageTest@5d0a1059]" started-at="2022-09-29T18:08:53 IST" name="setUp" finished-at="2022-09-29T18:09:09 IST" duration-ms="15777" status="PASS">
          <params>
            <param index="0">
              <value>
                <![CDATA[[Ljava.lang.Object;@4c27d39d]]>
              </value>
            </param>
          </params>
          <reporter-output>
          </reporter-output>
        </test-method> <!-- setUp -->
        <test-method signature="LoginLogoutTest(java.util.Map)[pri:0, instance:com.fa.tests.LoginPageTest@5d0a1059]" started-at="2022-09-29T18:09:09 IST" name="LoginLogoutTest" description="Check Login in to application &amp; Logout successfully" data-provider="getData" finished-at="2022-09-29T18:09:19 IST" duration-ms="10118" status="PASS">
          <params>
            <param index="0">
              <value>
                <![CDATA[{password=123456, testname=LoginLogoutTest, execute=yes, browser=chrome, username=nikhil123@mailinator.com}]]>
              </value>
            </param>
          </params>
          <reporter-output>
          </reporter-output>
        </test-method> <!-- LoginLogoutTest -->
        <test-method is-config="true" signature="tearDown()[pri:0, instance:com.fa.tests.LoginPageTest@5d0a1059]" started-at="2022-09-29T18:09:19 IST" name="tearDown" finished-at="2022-09-29T18:09:19 IST" duration-ms="355" status="PASS">
          <reporter-output>
          </reporter-output>
        </test-method> <!-- tearDown -->
      </class> <!-- com.fa.tests.LoginPageTest -->
    </test> <!-- Test -->
  </suite> <!-- Suite -->
</testng-results>
